[0911/221155.712:ERROR:process_memory_win.cc(73)] ReadMemory at 0x7ffd22f50000 of 64 bytes failed: Only part of a ReadProcessMemory or WriteProcessMemory request was completed. (0x12B)
[0911/221155.713:WARNING:pe_image_reader.cc(340)] could not read dos header from C:\Windows\SYSTEM32\CRYPTBASE.DLL
[0911/221155.713:ERROR:process_memory_win.cc(73)] ReadMemory at 0x7ffd22f50000 of 64 bytes failed: Only part of a ReadProcessMemory or WriteProcessMemory request was completed. (0x12B)
[0911/221155.713:WARNING:pe_image_reader.cc(340)] could not read dos header from C:\Windows\SYSTEM32\CRYPTBASE.DLL
[0911/221155.789:ERROR:process_memory_win.cc(73)] ReadMemory at 0x7ff7717d0000 of 64 bytes failed: Only part of a ReadProcessMemory or WriteProcessMemory request was completed. (0x12B)
[0911/221155.790:WARNING:pe_image_reader.cc(340)] could not read dos header from C:\Program Files (x86)\Google\Chrome\Application\chrome.exe
[0911/221155.790:ERROR:process_memory_win.cc(73)] ReadMemory at 0x7ffd26bc0000 of 64 bytes failed: Only part of a ReadProcessMemory or WriteProcessMemory request was completed. (0x12B)
[0911/221155.790:WARNING:pe_image_reader.cc(340)] could not read dos header from C:\Windows\SYSTEM32\ntdll.dll
[0911/221155.790:ERROR:process_memory_win.cc(73)] ReadMemory at 0x7ffd24150000 of 64 bytes failed: Only part of a ReadProcessMemory or WriteProcessMemory request was completed. (0x12B)
[0911/221155.790:WARNING:pe_image_reader.cc(340)] could not read dos header from C:\Windows\System32\KERNEL32.DLL
[0911/221155.790:ERROR:process_memory_win.cc(73)] ReadMemory at 0x7ffd23530000 of 64 bytes failed: Only part of a ReadProcessMemory or WriteProcessMemory request was completed. (0x12B)
[0911/221155.790:WARNING:pe_image_reader.cc(340)] could not read dos header from C:\Windows\System32\KERNELBASE.dll
[0911/221155.790:ERROR:process_memory_win.cc(73)] ReadMemory at 0x7ffd0f830000 of 64 bytes failed: Only part of a ReadProcessMemory or WriteProcessMemory request was completed. (0x12B)
[0911/221155.790:WARNING:pe_image_reader.cc(340)] could not read dos header from C:\Program Files (x86)\Google\Chrome\Application\84.0.4147.105\chrome_elf.dll
[0911/221155.790:ERROR:process_memory_win.cc(73)] ReadMemory at 0x7ffd19b70000 of 64 bytes failed: Only part of a ReadProcessMemory or WriteProcessMemory request was completed. (0x12B)
[0911/221155.790:WARNING:pe_image_reader.cc(340)] could not read dos header from C:\Windows\SYSTEM32\VERSION.dll
[0911/221155.790:ERROR:process_memory_win.cc(73)] ReadMemory at 0x7ffd251c0000 of 64 bytes failed: Only part of a ReadProcessMemory or WriteProcessMemory request was completed. (0x12B)
[0911/221155.790:WARNING:pe_image_reader.cc(340)] could not read dos header from C:\Windows\System32\msvcrt.dll
[0911/221155.790:ERROR:process_memory_win.cc(73)] ReadMemory at 0x1d0af900000 of 64 bytes failed: Only part of a ReadProcessMemory or WriteProcessMemory request was completed. (0x12B)
[0911/221155.790:WARNING:pe_image_reader.cc(340)] could not read dos header from C:\Windows\System32\umppc11604.dll
[0911/221155.790:ERROR:process_memory_win.cc(73)] ReadMemory at 0x7ffd230b0000 of 64 bytes failed: Only part of a ReadProcessMemory or WriteProcessMemory request was completed. (0x12B)
[0911/221155.790:WARNING:pe_image_reader.cc(340)] could not read dos header from C:\Windows\System32\bcryptPrimitives.dll
[0911/221155.791:ERROR:process_memory_win.cc(73)] ReadMemory at 0x7ffd26b10000 of 64 bytes failed: Only part of a ReadProcessMemory or WriteProcessMemory request was completed. (0x12B)
[0911/221155.791:WARNING:pe_image_reader.cc(340)] could not read dos header from C:\Windows\System32\ADVAPI32.dll
[0911/221155.791:ERROR:process_memory_win.cc(73)] ReadMemory at 0x7ffd25400000 of 64 bytes failed: Only part of a ReadProcessMemory or WriteProcessMemory request was completed. (0x12B)
[0911/221155.791:WARNING:pe_image_reader.cc(340)] could not read dos header from C:\Windows\System32\sechost.dll
[0911/221155.791:ERROR:process_memory_win.cc(73)] ReadMemory at 0x7ffd269e0000 of 64 bytes failed: Only part of a ReadProcessMemory or WriteProcessMemory request was completed. (0x12B)
[0911/221155.791:WARNING:pe_image_reader.cc(340)] could not read dos header from C:\Windows\System32\RPCRT4.dll
[0911/221155.791:ERROR:process_memory_win.cc(73)] ReadMemory at 0x7ffce9b00000 of 64 bytes failed: Only part of a ReadProcessMemory or WriteProcessMemory request was completed. (0x12B)
[0911/221155.791:WARNING:pe_image_reader.cc(340)] could not read dos header from C:\Program Files (x86)\Google\Chrome\Application\84.0.4147.105\chrome.dll
[0911/221155.791:ERROR:process_memory_win.cc(73)] ReadMemory at 0x7ffd24f00000 of 64 bytes failed: Only part of a ReadProcessMemory or WriteProcessMemory request was completed. (0x12B)
[0911/221155.791:WARNING:pe_image_reader.cc(340)] could not read dos header from C:\Windows\System32\WS2_32.dll
[0911/221155.791:ERROR:process_memory_win.cc(73)] ReadMemory at 0x7ffd24360000 of 64 bytes failed: Only part of a ReadProcessMemory or WriteProcessMemory request was completed. (0x12B)
[0911/221155.791:WARNING:pe_image_reader.cc(340)] could not read dos header from C:\Windows\System32\OLEAUT32.dll
[0911/221155.791:ERROR:process_memory_win.cc(73)] ReadMemory at 0x7ffd23fe0000 of 64 bytes failed: Only part of a ReadProcessMemory or WriteProcessMemory request was completed. (0x12B)
[0911/221155.791:WARNING:pe_image_reader.cc(340)] could not read dos header from C:\Windows\System32\msvcp_win.dll
[0911/221155.791:ERROR:process_memory_win.cc(73)] ReadMemory at 0x7ffd23e30000 of 64 bytes failed: Only part of a ReadProcessMemory or WriteProcessMemory request was completed. (0x12B)
[0911/221155.791:WARNING:pe_image_reader.cc(340)] could not read dos header from C:\Windows\System32\ucrtbase.dll
[0911/221155.791:ERROR:process_memory_win.cc(73)] ReadMemory at 0x7ffd24ac0000 of 64 bytes failed: Only part of a ReadProcessMemory or WriteProcessMemory request was completed. (0x12B)
[0911/221155.791:WARNING:pe_image_reader.cc(340)] could not read dos header from C:\Windows\System32\combase.dll
[0911/221155.791:ERROR:process_memory_win.cc(73)] ReadMemory at 0x7ffd23120000 of 64 bytes failed: Only part of a ReadProcessMemory or WriteProcessMemory request was completed. (0x12B)
[0911/221155.791:WARNING:pe_image_reader.cc(340)] could not read dos header from C:\Windows\System32\WINTRUST.dll
[0911/221155.791:ERROR:process_memory_win.cc(73)] ReadMemory at 0x7ffd23020000 of 64 bytes failed: Only part of a ReadProcessMemory or WriteProcessMemory request was completed. (0x12B)
[0911/221155.791:WARNING:pe_image_reader.cc(340)] could not read dos header from C:\Windows\System32\MSASN1.dll
[0911/221155.791:ERROR:process_memory_win.cc(73)] ReadMemory at 0x7ffd23180000 of 64 bytes failed: Only part of a ReadProcessMemory or WriteProcessMemory request was completed. (0x12B)
[0911/221155.791:WARNING:pe_image_reader.cc(340)] could not read dos header from C:\Windows\System32\CRYPT32.dll
[0911/221155.791:ERROR:process_memory_win.cc(73)] ReadMemory at 0x7ffd22630000 of 64 bytes failed: Only part of a ReadProcessMemory or WriteProcessMemory request was completed. (0x12B)
[0911/221155.791:WARNING:pe_image_reader.cc(340)] could not read dos header from C:\Windows\SYSTEM32\IPHLPAPI.DLL
[0911/221155.791:ERROR:process_memory_win.cc(73)] ReadMemory at 0x7ffd21650000 of 64 bytes failed: Only part of a ReadProcessMemory or WriteProcessMemory request was completed. (0x12B)
[0911/221155.791:WARNING:pe_image_reader.cc(340)] could not read dos header from C:\Windows\SYSTEM32\WINMM.dll
[0911/221155.791:ERROR:process_memory_win.cc(73)] ReadMemory at 0x7ffd1f250000 of 64 bytes failed: Only part of a ReadProcessMemory or WriteProcessMemory request was completed. (0x12B)
[0911/221155.791:WARNING:pe_image_reader.cc(340)] could not read dos header from C:\Windows\SYSTEM32\Secur32.dll
[0911/221155.791:ERROR:process_memory_win.cc(73)] ReadMemory at 0x7ffd22770000 of 64 bytes failed: Only part of a ReadProcessMemory or WriteProcessMemory request was completed. (0x12B)
[0911/221155.791:WARNING:pe_image_reader.cc(340)] could not read dos header from C:\Windows\SYSTEM32\USERENV.dll
[0911/221155.791:ERROR:process_memory_win.cc(73)] ReadMemory at 0x7ffd23090000 of 64 bytes failed: Only part of a ReadProcessMemory or WriteProcessMemory request was completed. (0x12B)
[0911/221155.791:WARNING:pe_image_reader.cc(340)] could not read dos header from C:\Windows\System32\profapi.dll
[0911/221155.791:ERROR:process_memory_win.cc(73)] ReadMemory at 0x7ffcfe7a0000 of 64 bytes failed: Only part of a ReadProcessMemory or WriteProcessMemory request was completed. (0x12B)
[0911/221155.792:WARNING:pe_image_reader.cc(340)] could not read dos header from C:\Windows\SYSTEM32\UIAutomationCore.DLL
[0911/221155.792:ERROR:process_memory_win.cc(73)] ReadMemory at 0x7ffd1b2c0000 of 64 bytes failed: Only part of a ReadProcessMemory or WriteProcessMemory request was completed. (0x12B)
[0911/221155.792:WARNING:pe_image_reader.cc(340)] could not read dos header from C:\Windows\SYSTEM32\DWrite.dll
[0911/221155.792:ERROR:process_memory_win.cc(73)] ReadMemory at 0x7ffd1d780000 of 64 bytes failed: Only part of a ReadProcessMemory or WriteProcessMemory request was completed. (0x12B)
[0911/221155.792:WARNING:pe_image_reader.cc(340)] could not read dos header from C:\Windows\SYSTEM32\WINSPOOL.DRV
[0911/221155.792:ERROR:process_memory_win.cc(73)] ReadMemory at 0x7ffd17e70000 of 64 bytes failed: Only part of a ReadProcessMemory or WriteProcessMemory request was completed. (0x12B)
[0911/221155.792:WARNING:pe_image_reader.cc(340)] could not read dos header from C:\Windows\SYSTEM32\dbghelp.dll
[0911/221155.792:ERROR:process_memory_win.cc(73)] ReadMemory at 0x7ffd1f2c0000 of 64 bytes failed: Only part of a ReadProcessMemory or WriteProcessMemory request was completed. (0x12B)
[0911/221155.792:WARNING:pe_image_reader.cc(340)] could not read dos header from C:\Windows\SYSTEM32\WINHTTP.dll
[0911/221155.792:ERROR:process_memory_win.cc(73)] ReadMemory at 0x7ffd1faa0000 of 64 bytes failed: Only part of a ReadProcessMemory or WriteProcessMemory request was completed. (0x12B)
[0911/221155.792:WARNING:pe_image_reader.cc(340)] could not read dos header from C:\Windows\SYSTEM32\dhcpcsvc.DLL
[0911/221155.792:ERROR:process_memory_win.cc(73)] ReadMemory at 0x7ffd25460000 of 64 bytes failed: Only part of a ReadProcessMemory or WriteProcessMemory request was completed. (0x12B)
[0911/221155.792:WARNING:pe_image_reader.cc(340)] could not read dos header from C:\Windows\System32\NSI.dll
[0911/221155.792:ERROR:process_memory_win.cc(73)] ReadMemory at 0x7ffd215f0000 of 64 bytes failed: Only part of a ReadProcessMemory or WriteProcessMemory request was completed. (0x12B)
[0911/221155.792:WARNING:pe_image_reader.cc(340)] could not read dos header from C:\Windows\SYSTEM32\WINMMBASE.dll
[0911/221155.792:ERROR:process_memory_win.cc(73)] ReadMemory at 0x7ffd23350000 of 64 bytes failed: Only part of a ReadProcessMemory or WriteProcessMemory request was completed. (0x12B)
[0911/221155.792:WARNING:pe_image_reader.cc(340)] could not read dos header from C:\Windows\System32\cfgmgr32.dll
[0911/221155.792:ERROR:process_memory_win.cc(73)] ReadMemory at 0x7ffd22f60000 of 64 bytes failed: Only part of a ReadProcessMemory or WriteProcessMemory request was completed. (0x12B)
[0911/221155.792:WARNING:pe_image_reader.cc(340)] could not read dos header from C:\Windows\SYSTEM32\bcrypt.dll
[0911/221155.792:ERROR:process_memory_win.cc(73)] ReadMemory at 0x7ffd22c80000 of 64 bytes failed: Only part of a ReadProcessMemory or WriteProcessMemory request was completed. (0x12B)
[0911/221155.792:WARNING:pe_image_reader.cc(340)] could not read dos header from C:\Windows\SYSTEM32\SSPICLI.DLL
[0911/221155.792:ERROR:process_memory_win.cc(73)] ReadMemory at 0x7ffd24d90000 of 64 bytes failed: Only part of a ReadProcessMemory or WriteProcessMemory request was completed. (0x12B)
[0911/221155.792:WARNING:pe_image_reader.cc(340)] could not read dos header from C:\Windows\System32\user32.dll
[0911/221155.792:ERROR:process_memory_win.cc(73)] ReadMemory at 0x7ffd24080000 of 64 bytes failed: Only part of a ReadProcessMemory or WriteProcessMemory request was completed. (0x12B)
[0911/221155.792:WARNING:pe_image_reader.cc(340)] could not read dos header from C:\Windows\System32\win32u.dll
[0911/221155.792:ERROR:process_memory_win.cc(73)] ReadMemory at 0x7ffd24880000 of 64 bytes failed: Only part of a ReadProcessMemory or WriteProcessMemory request was completed. (0x12B)
[0911/221155.792:WARNING:pe_image_reader.cc(340)] could not read dos header from C:\Windows\System32\GDI32.dll
[0911/221155.792:ERROR:process_memory_win.cc(73)] ReadMemory at 0x7ffd233a0000 of 64 bytes failed: Only part of a ReadProcessMemory or WriteProcessMemory request was completed. (0x12B)
[0911/221155.792:WARNING:pe_image_reader.cc(340)] could not read dos header from C:\Windows\System32\gdi32full.dll
[0911/221155.793:ERROR:process_memory_win.cc(73)] ReadMemory at 0x1d0afa40000 of 64 bytes failed: Only part of a ReadProcessMemory or WriteProcessMemory request was completed. (0x12B)
[0911/221155.793:WARNING:pe_image_reader.cc(340)] could not read dos header from C:\Windows\System32\IMM32.DLL
[0911/221155.793:ERROR:process_memory_win.cc(73)] ReadMemory at 0x7ffd254d0000 of 64 bytes failed: Only part of a ReadProcessMemory or WriteProcessMemory request was completed. (0x12B)
[0911/221155.793:WARNING:pe_image_reader.cc(340)] could not read dos header from C:\Windows\System32\SHELL32.dll
[0911/221155.793:ERROR:process_memory_win.cc(73)] ReadMemory at 0x7ffd23750000 of 64 bytes failed: Only part of a ReadProcessMemory or WriteProcessMemory request was completed. (0x12B)
[0911/221155.793:WARNING:pe_image_reader.cc(340)] could not read dos header from C:\Windows\System32\windows.storage.dll
[0911/221155.793:ERROR:process_memory_win.cc(73)] ReadMemory at 0x7ffd23030000 of 64 bytes failed: Only part of a ReadProcessMemory or WriteProcessMemory request was completed. (0x12B)
[0911/221155.793:WARNING:pe_image_reader.cc(340)] could not read dos header from C:\Windows\System32\powrprof.dll
[0911/221155.793:ERROR:process_memory_win.cc(73)] ReadMemory at 0x7ffd25470000 of 64 bytes failed: Only part of a ReadProcessMemory or WriteProcessMemory request was completed. (0x12B)
[0911/221155.793:WARNING:pe_image_reader.cc(340)] could not read dos header from C:\Windows\System32\shlwapi.dll
[0911/221155.793:ERROR:process_memory_win.cc(73)] ReadMemory at 0x7ffd23080000 of 64 bytes failed: Only part of a ReadProcessMemory or WriteProcessMemory request was completed. (0x12B)
[0911/221155.793:WARNING:pe_image_reader.cc(340)] could not read dos header from C:\Windows\System32\kernel.appcore.dll
[0911/221155.793:ERROR:process_memory_win.cc(73)] ReadMemory at 0x7ffd240a0000 of 64 bytes failed: Only part of a ReadProcessMemory or WriteProcessMemory request was completed. (0x12B)
[0911/221155.793:WARNING:pe_image_reader.cc(340)] could not read dos header from C:\Windows\System32\shcore.dll
[0911/221155.793:ERROR:process_memory_win.cc(73)] ReadMemory at 0x7ffd22f50000 of 64 bytes failed: Only part of a ReadProcessMemory or WriteProcessMemory request was completed. (0x12B)
[0911/221155.793:WARNING:pe_image_reader.cc(340)] could not read dos header from C:\Windows\SYSTEM32\CRYPTBASE.DLL
[0911/221155.800:ERROR:process_memory_win.cc(73)] ReadMemory at 0x7ff7717d0000 of 64 bytes failed: Only part of a ReadProcessMemory or WriteProcessMemory request was completed. (0x12B)
[0911/221155.800:WARNING:pe_image_reader.cc(340)] could not read dos header from C:\Program Files (x86)\Google\Chrome\Application\chrome.exe
[0911/221155.800:ERROR:process_memory_win.cc(73)] ReadMemory at 0x7ffd26bc0000 of 64 bytes failed: Only part of a ReadProcessMemory or WriteProcessMemory request was completed. (0x12B)
[0911/221155.800:WARNING:pe_image_reader.cc(340)] could not read dos header from C:\Windows\SYSTEM32\ntdll.dll
[0911/221155.800:ERROR:process_memory_win.cc(73)] ReadMemory at 0x7ffd24150000 of 64 bytes failed: Only part of a ReadProcessMemory or WriteProcessMemory request was completed. (0x12B)
[0911/221155.800:WARNING:pe_image_reader.cc(340)] could not read dos header from C:\Windows\System32\KERNEL32.DLL
[0911/221155.800:ERROR:process_memory_win.cc(73)] ReadMemory at 0x7ffd23530000 of 64 bytes failed: Only part of a ReadProcessMemory or WriteProcessMemory request was completed. (0x12B)
[0911/221155.800:WARNING:pe_image_reader.cc(340)] could not read dos header from C:\Windows\System32\KERNELBASE.dll
[0911/221155.800:ERROR:process_memory_win.cc(73)] ReadMemory at 0x7ffd0f830000 of 64 bytes failed: Only part of a ReadProcessMemory or WriteProcessMemory request was completed. (0x12B)
[0911/221155.800:WARNING:pe_image_reader.cc(340)] could not read dos header from C:\Program Files (x86)\Google\Chrome\Application\84.0.4147.105\chrome_elf.dll
[0911/221155.800:ERROR:process_memory_win.cc(73)] ReadMemory at 0x7ffd19b70000 of 64 bytes failed: Only part of a ReadProcessMemory or WriteProcessMemory request was completed. (0x12B)
[0911/221155.800:WARNING:pe_image_reader.cc(340)] could not read dos header from C:\Windows\SYSTEM32\VERSION.dll
[0911/221155.800:ERROR:process_memory_win.cc(73)] ReadMemory at 0x7ffd251c0000 of 64 bytes failed: Only part of a ReadProcessMemory or WriteProcessMemory request was completed. (0x12B)
[0911/221155.800:WARNING:pe_image_reader.cc(340)] could not read dos header from C:\Windows\System32\msvcrt.dll
[0911/221155.800:ERROR:process_memory_win.cc(73)] ReadMemory at 0x1d0af900000 of 64 bytes failed: Only part of a ReadProcessMemory or WriteProcessMemory request was completed. (0x12B)
[0911/221155.800:WARNING:pe_image_reader.cc(340)] could not read dos header from C:\Windows\System32\umppc11604.dll
[0911/221155.801:ERROR:process_memory_win.cc(73)] ReadMemory at 0x7ffd230b0000 of 64 bytes failed: Only part of a ReadProcessMemory or WriteProcessMemory request was completed. (0x12B)
[0911/221155.801:WARNING:pe_image_reader.cc(340)] could not read dos header from C:\Windows\System32\bcryptPrimitives.dll
[0911/221155.801:ERROR:process_memory_win.cc(73)] ReadMemory at 0x7ffd26b10000 of 64 bytes failed: Only part of a ReadProcessMemory or WriteProcessMemory request was completed. (0x12B)
[0911/221155.801:WARNING:pe_image_reader.cc(340)] could not read dos header from C:\Windows\System32\ADVAPI32.dll
[0911/221155.801:ERROR:process_memory_win.cc(73)] ReadMemory at 0x7ffd25400000 of 64 bytes failed: Only part of a ReadProcessMemory or WriteProcessMemory request was completed. (0x12B)
[0911/221155.801:WARNING:pe_image_reader.cc(340)] could not read dos header from C:\Windows\System32\sechost.dll
[0911/221155.801:ERROR:process_memory_win.cc(73)] ReadMemory at 0x7ffd269e0000 of 64 bytes failed: Only part of a ReadProcessMemory or WriteProcessMemory request was completed. (0x12B)
[0911/221155.801:WARNING:pe_image_reader.cc(340)] could not read dos header from C:\Windows\System32\RPCRT4.dll
[0911/221155.801:ERROR:process_memory_win.cc(73)] ReadMemory at 0x7ffce9b00000 of 64 bytes failed: Only part of a ReadProcessMemory or WriteProcessMemory request was completed. (0x12B)
[0911/221155.801:WARNING:pe_image_reader.cc(340)] could not read dos header from C:\Program Files (x86)\Google\Chrome\Application\84.0.4147.105\chrome.dll
[0911/221155.801:ERROR:process_memory_win.cc(73)] ReadMemory at 0x7ffd24f00000 of 64 bytes failed: Only part of a ReadProcessMemory or WriteProcessMemory request was completed. (0x12B)
[0911/221155.801:WARNING:pe_image_reader.cc(340)] could not read dos header from C:\Windows\System32\WS2_32.dll
[0911/221155.801:ERROR:process_memory_win.cc(73)] ReadMemory at 0x7ffd24360000 of 64 bytes failed: Only part of a ReadProcessMemory or WriteProcessMemory request was completed. (0x12B)
[0911/221155.801:WARNING:pe_image_reader.cc(340)] could not read dos header from C:\Windows\System32\OLEAUT32.dll
[0911/221155.801:ERROR:process_memory_win.cc(73)] ReadMemory at 0x7ffd23fe0000 of 64 bytes failed: Only part of a ReadProcessMemory or WriteProcessMemory request was completed. (0x12B)
[0911/221155.801:WARNING:pe_image_reader.cc(340)] could not read dos header from C:\Windows\System32\msvcp_win.dll
[0911/221155.801:ERROR:process_memory_win.cc(73)] ReadMemory at 0x7ffd23e30000 of 64 bytes failed: Only part of a ReadProcessMemory or WriteProcessMemory request was completed. (0x12B)
[0911/221155.801:WARNING:pe_image_reader.cc(340)] could not read dos header from C:\Windows\System32\ucrtbase.dll
[0911/221155.801:ERROR:process_memory_win.cc(73)] ReadMemory at 0x7ffd24ac0000 of 64 bytes failed: Only part of a ReadProcessMemory or WriteProcessMemory request was completed. (0x12B)
[0911/221155.801:WARNING:pe_image_reader.cc(340)] could not read dos header from C:\Windows\System32\combase.dll
[0911/221155.801:ERROR:process_memory_win.cc(73)] ReadMemory at 0x7ffd23120000 of 64 bytes failed: Only part of a ReadProcessMemory or WriteProcessMemory request was completed. (0x12B)
[0911/221155.801:WARNING:pe_image_reader.cc(340)] could not read dos header from C:\Windows\System32\WINTRUST.dll
[0911/221155.801:ERROR:process_memory_win.cc(73)] ReadMemory at 0x7ffd23020000 of 64 bytes failed: Only part of a ReadProcessMemory or WriteProcessMemory request was completed. (0x12B)
[0911/221155.801:WARNING:pe_image_reader.cc(340)] could not read dos header from C:\Windows\System32\MSASN1.dll
[0911/221155.801:ERROR:process_memory_win.cc(73)] ReadMemory at 0x7ffd23180000 of 64 bytes failed: Only part of a ReadProcessMemory or WriteProcessMemory request was completed. (0x12B)
[0911/221155.801:WARNING:pe_image_reader.cc(340)] could not read dos header from C:\Windows\System32\CRYPT32.dll
[0911/221155.801:ERROR:process_memory_win.cc(73)] ReadMemory at 0x7ffd22630000 of 64 bytes failed: Only part of a ReadProcessMemory or WriteProcessMemory request was completed. (0x12B)
[0911/221155.801:WARNING:pe_image_reader.cc(340)] could not read dos header from C:\Windows\SYSTEM32\IPHLPAPI.DLL
[0911/221155.801:ERROR:process_memory_win.cc(73)] ReadMemory at 0x7ffd21650000 of 64 bytes failed: Only part of a ReadProcessMemory or WriteProcessMemory request was completed. (0x12B)
[0911/221155.801:WARNING:pe_image_reader.cc(340)] could not read dos header from C:\Windows\SYSTEM32\WINMM.dll
[0911/221155.801:ERROR:process_memory_win.cc(73)] ReadMemory at 0x7ffd1f250000 of 64 bytes failed: Only part of a ReadProcessMemory or WriteProcessMemory request was completed. (0x12B)
[0911/221155.801:WARNING:pe_image_reader.cc(340)] could not read dos header from C:\Windows\SYSTEM32\Secur32.dll
[0911/221155.801:ERROR:process_memory_win.cc(73)] ReadMemory at 0x7ffd22770000 of 64 bytes failed: Only part of a ReadProcessMemory or WriteProcessMemory request was completed. (0x12B)
[0911/221155.801:WARNING:pe_image_reader.cc(340)] could not read dos header from C:\Windows\SYSTEM32\USERENV.dll
[0911/221155.801:ERROR:process_memory_win.cc(73)] ReadMemory at 0x7ffd23090000 of 64 bytes failed: Only part of a ReadProcessMemory or WriteProcessMemory request was completed. (0x12B)
[0911/221155.801:WARNING:pe_image_reader.cc(340)] could not read dos header from C:\Windows\System32\profapi.dll
[0911/221155.801:ERROR:process_memory_win.cc(73)] ReadMemory at 0x7ffcfe7a0000 of 64 bytes failed: Only part of a ReadProcessMemory or WriteProcessMemory request was completed. (0x12B)
[0911/221155.801:WARNING:pe_image_reader.cc(340)] could not read dos header from C:\Windows\SYSTEM32\UIAutomationCore.DLL
[0911/221155.801:ERROR:process_memory_win.cc(73)] ReadMemory at 0x7ffd1b2c0000 of 64 bytes failed: Only part of a ReadProcessMemory or WriteProcessMemory request was completed. (0x12B)
[0911/221155.801:WARNING:pe_image_reader.cc(340)] could not read dos header from C:\Windows\SYSTEM32\DWrite.dll
[0911/221155.802:ERROR:process_memory_win.cc(73)] ReadMemory at 0x7ffd1d780000 of 64 bytes failed: Only part of a ReadProcessMemory or WriteProcessMemory request was completed. (0x12B)
[0911/221155.802:WARNING:pe_image_reader.cc(340)] could not read dos header from C:\Windows\SYSTEM32\WINSPOOL.DRV
[0911/221155.802:ERROR:process_memory_win.cc(73)] ReadMemory at 0x7ffd17e70000 of 64 bytes failed: Only part of a ReadProcessMemory or WriteProcessMemory request was completed. (0x12B)
[0911/221155.802:WARNING:pe_image_reader.cc(340)] could not read dos header from C:\Windows\SYSTEM32\dbghelp.dll
[0911/221155.802:ERROR:process_memory_win.cc(73)] ReadMemory at 0x7ffd1f2c0000 of 64 bytes failed: Only part of a ReadProcessMemory or WriteProcessMemory request was completed. (0x12B)
[0911/221155.802:WARNING:pe_image_reader.cc(340)] could not read dos header from C:\Windows\SYSTEM32\WINHTTP.dll
[0911/221155.802:ERROR:process_memory_win.cc(73)] ReadMemory at 0x7ffd1faa0000 of 64 bytes failed: Only part of a ReadProcessMemory or WriteProcessMemory request was completed. (0x12B)
[0911/221155.802:WARNING:pe_image_reader.cc(340)] could not read dos header from C:\Windows\SYSTEM32\dhcpcsvc.DLL
[0911/221155.802:ERROR:process_memory_win.cc(73)] ReadMemory at 0x7ffd25460000 of 64 bytes failed: Only part of a ReadProcessMemory or WriteProcessMemory request was completed. (0x12B)
[0911/221155.802:WARNING:pe_image_reader.cc(340)] could not read dos header from C:\Windows\System32\NSI.dll
[0911/221155.802:ERROR:process_memory_win.cc(73)] ReadMemory at 0x7ffd215f0000 of 64 bytes failed: Only part of a ReadProcessMemory or WriteProcessMemory request was completed. (0x12B)
[0911/221155.802:WARNING:pe_image_reader.cc(340)] could not read dos header from C:\Windows\SYSTEM32\WINMMBASE.dll
[0911/221155.802:ERROR:process_memory_win.cc(73)] ReadMemory at 0x7ffd23350000 of 64 bytes failed: Only part of a ReadProcessMemory or WriteProcessMemory request was completed. (0x12B)
[0911/221155.802:WARNING:pe_image_reader.cc(340)] could not read dos header from C:\Windows\System32\cfgmgr32.dll
[0911/221155.802:ERROR:process_memory_win.cc(73)] ReadMemory at 0x7ffd22f60000 of 64 bytes failed: Only part of a ReadProcessMemory or WriteProcessMemory request was completed. (0x12B)
[0911/221155.802:WARNING:pe_image_reader.cc(340)] could not read dos header from C:\Windows\SYSTEM32\bcrypt.dll
[0911/221155.802:ERROR:process_memory_win.cc(73)] ReadMemory at 0x7ffd22c80000 of 64 bytes failed: Only part of a ReadProcessMemory or WriteProcessMemory request was completed. (0x12B)
[0911/221155.802:WARNING:pe_image_reader.cc(340)] could not read dos header from C:\Windows\SYSTEM32\SSPICLI.DLL
[0911/221155.802:ERROR:process_memory_win.cc(73)] ReadMemory at 0x7ffd24d90000 of 64 bytes failed: Only part of a ReadProcessMemory or WriteProcessMemory request was completed. (0x12B)
[0911/221155.802:WARNING:pe_image_reader.cc(340)] could not read dos header from C:\Windows\System32\user32.dll
[0911/221155.802:ERROR:process_memory_win.cc(73)] ReadMemory at 0x7ffd24080000 of 64 bytes failed: Only part of a ReadProcessMemory or WriteProcessMemory request was completed. (0x12B)
[0911/221155.802:WARNING:pe_image_reader.cc(340)] could not read dos header from C:\Windows\System32\win32u.dll
[0911/221155.802:ERROR:process_memory_win.cc(73)] ReadMemory at 0x7ffd24880000 of 64 bytes failed: Only part of a ReadProcessMemory or WriteProcessMemory request was completed. (0x12B)
[0911/221155.802:WARNING:pe_image_reader.cc(340)] could not read dos header from C:\Windows\System32\GDI32.dll
[0911/221155.802:ERROR:process_memory_win.cc(73)] ReadMemory at 0x7ffd233a0000 of 64 bytes failed: Only part of a ReadProcessMemory or WriteProcessMemory request was completed. (0x12B)
[0911/221155.802:WARNING:pe_image_reader.cc(340)] could not read dos header from C:\Windows\System32\gdi32full.dll
[0911/221155.802:ERROR:process_memory_win.cc(73)] ReadMemory at 0x1d0afa40000 of 64 bytes failed: Only part of a ReadProcessMemory or WriteProcessMemory request was completed. (0x12B)
[0911/221155.802:WARNING:pe_image_reader.cc(340)] could not read dos header from C:\Windows\System32\IMM32.DLL
[0911/221155.802:ERROR:process_memory_win.cc(73)] ReadMemory at 0x7ffd254d0000 of 64 bytes failed: Only part of a ReadProcessMemory or WriteProcessMemory request was completed. (0x12B)
[0911/221155.802:WARNING:pe_image_reader.cc(340)] could not read dos header from C:\Windows\System32\SHELL32.dll
[0911/221155.802:ERROR:process_memory_win.cc(73)] ReadMemory at 0x7ffd23750000 of 64 bytes failed: Only part of a ReadProcessMemory or WriteProcessMemory request was completed. (0x12B)
[0911/221155.802:WARNING:pe_image_reader.cc(340)] could not read dos header from C:\Windows\System32\windows.storage.dll
[0911/221155.803:ERROR:process_memory_win.cc(73)] ReadMemory at 0x7ffd23030000 of 64 bytes failed: Only part of a ReadProcessMemory or WriteProcessMemory request was completed. (0x12B)
[0911/221155.803:WARNING:pe_image_reader.cc(340)] could not read dos header from C:\Windows\System32\powrprof.dll
[0911/221155.803:ERROR:process_memory_win.cc(73)] ReadMemory at 0x7ffd25470000 of 64 bytes failed: Only part of a ReadProcessMemory or WriteProcessMemory request was completed. (0x12B)
[0911/221155.803:WARNING:pe_image_reader.cc(340)] could not read dos header from C:\Windows\System32\shlwapi.dll
[0911/221155.803:ERROR:process_memory_win.cc(73)] ReadMemory at 0x7ffd23080000 of 64 bytes failed: Only part of a ReadProcessMemory or WriteProcessMemory request was completed. (0x12B)
[0911/221155.803:WARNING:pe_image_reader.cc(340)] could not read dos header from C:\Windows\System32\kernel.appcore.dll
[0911/221155.803:ERROR:process_memory_win.cc(73)] ReadMemory at 0x7ffd240a0000 of 64 bytes failed: Only part of a ReadProcessMemory or WriteProcessMemory request was completed. (0x12B)
[0911/221155.803:WARNING:pe_image_reader.cc(340)] could not read dos header from C:\Windows\System32\shcore.dll
[0911/221155.803:ERROR:process_memory_win.cc(73)] ReadMemory at 0x7ffd22f50000 of 64 bytes failed: Only part of a ReadProcessMemory or WriteProcessMemory request was completed. (0x12B)
[0911/221155.803:WARNING:pe_image_reader.cc(340)] could not read dos header from C:\Windows\SYSTEM32\CRYPTBASE.DLL
[0911/221155.803:ERROR:process_memory_win.cc(73)] ReadMemory at 0x7ff7717d0000 of 64 bytes failed: Only part of a ReadProcessMemory or WriteProcessMemory request was completed. (0x12B)
[0911/221155.803:WARNING:pe_image_reader.cc(340)] could not read dos header from C:\Program Files (x86)\Google\Chrome\Application\chrome.exe
[0911/221155.803:ERROR:process_memory_win.cc(73)] ReadMemory at 0x7ffd26bc0000 of 64 bytes failed: Only part of a ReadProcessMemory or WriteProcessMemory request was completed. (0x12B)
[0911/221155.803:WARNING:pe_image_reader.cc(340)] could not read dos header from C:\Windows\SYSTEM32\ntdll.dll
[0911/221155.803:ERROR:process_memory_win.cc(73)] ReadMemory at 0x7ffd24150000 of 64 bytes failed: Only part of a ReadProcessMemory or WriteProcessMemory request was completed. (0x12B)
[0911/221155.803:WARNING:pe_image_reader.cc(340)] could not read dos header from C:\Windows\System32\KERNEL32.DLL
[0911/221155.803:ERROR:process_memory_win.cc(73)] ReadMemory at 0x7ffd23530000 of 64 bytes failed: Only part of a ReadProcessMemory or WriteProcessMemory request was completed. (0x12B)
[0911/221155.803:WARNING:pe_image_reader.cc(340)] could not read dos header from C:\Windows\System32\KERNELBASE.dll
[0911/221155.803:ERROR:process_memory_win.cc(73)] ReadMemory at 0x7ffd0f830000 of 64 bytes failed: Only part of a ReadProcessMemory or WriteProcessMemory request was completed. (0x12B)
[0911/221155.803:WARNING:pe_image_reader.cc(340)] could not read dos header from C:\Program Files (x86)\Google\Chrome\Application\84.0.4147.105\chrome_elf.dll
[0911/221155.803:ERROR:process_memory_win.cc(73)] ReadMemory at 0x7ffd19b70000 of 64 bytes failed: Only part of a ReadProcessMemory or WriteProcessMemory request was completed. (0x12B)
[0911/221155.803:WARNING:pe_image_reader.cc(340)] could not read dos header from C:\Windows\SYSTEM32\VERSION.dll
[0911/221155.803:ERROR:process_memory_win.cc(73)] ReadMemory at 0x7ffd251c0000 of 64 bytes failed: Only part of a ReadProcessMemory or WriteProcessMemory request was completed. (0x12B)
[0911/221155.803:WARNING:pe_image_reader.cc(340)] could not read dos header from C:\Windows\System32\msvcrt.dll
[0911/221155.803:ERROR:process_memory_win.cc(73)] ReadMemory at 0x1d0af900000 of 64 bytes failed: Only part of a ReadProcessMemory or WriteProcessMemory request was completed. (0x12B)
[0911/221155.803:WARNING:pe_image_reader.cc(340)] could not read dos header from C:\Windows\System32\umppc11604.dll
[0911/221155.803:ERROR:process_memory_win.cc(73)] ReadMemory at 0x7ffd230b0000 of 64 bytes failed: Only part of a ReadProcessMemory or WriteProcessMemory request was completed. (0x12B)
[0911/221155.803:WARNING:pe_image_reader.cc(340)] could not read dos header from C:\Windows\System32\bcryptPrimitives.dll
[0911/221155.803:ERROR:process_memory_win.cc(73)] ReadMemory at 0x7ffd26b10000 of 64 bytes failed: Only part of a ReadProcessMemory or WriteProcessMemory request was completed. (0x12B)
[0911/221155.803:WARNING:pe_image_reader.cc(340)] could not read dos header from C:\Windows\System32\ADVAPI32.dll
[0911/221155.803:ERROR:process_memory_win.cc(73)] ReadMemory at 0x7ffd25400000 of 64 bytes failed: Only part of a ReadProcessMemory or WriteProcessMemory request was completed. (0x12B)
[0911/221155.803:WARNING:pe_image_reader.cc(340)] could not read dos header from C:\Windows\System32\sechost.dll
[0911/221155.803:ERROR:process_memory_win.cc(73)] ReadMemory at 0x7ffd269e0000 of 64 bytes failed: Only part of a ReadProcessMemory or WriteProcessMemory request was completed. (0x12B)
[0911/221155.803:WARNING:pe_image_reader.cc(340)] could not read dos header from C:\Windows\System32\RPCRT4.dll
[0911/221155.803:ERROR:process_memory_win.cc(73)] ReadMemory at 0x7ffce9b00000 of 64 bytes failed: Only part of a ReadProcessMemory or WriteProcessMemory request was completed. (0x12B)
[0911/221155.803:WARNING:pe_image_reader.cc(340)] could not read dos header from C:\Program Files (x86)\Google\Chrome\Application\84.0.4147.105\chrome.dll
[0911/221155.803:ERROR:process_memory_win.cc(73)] ReadMemory at 0x7ffd24f00000 of 64 bytes failed: Only part of a ReadProcessMemory or WriteProcessMemory request was completed. (0x12B)
[0911/221155.803:WARNING:pe_image_reader.cc(340)] could not read dos header from C:\Windows\System32\WS2_32.dll
[0911/221155.803:ERROR:process_memory_win.cc(73)] ReadMemory at 0x7ffd24360000 of 64 bytes failed: Only part of a ReadProcessMemory or WriteProcessMemory request was completed. (0x12B)
[0911/221155.803:WARNING:pe_image_reader.cc(340)] could not read dos header from C:\Windows\System32\OLEAUT32.dll
[0911/221155.803:ERROR:process_memory_win.cc(73)] ReadMemory at 0x7ffd23fe0000 of 64 bytes failed: Only part of a ReadProcessMemory or WriteProcessMemory request was completed. (0x12B)
[0911/221155.803:WARNING:pe_image_reader.cc(340)] could not read dos header from C:\Windows\System32\msvcp_win.dll
[0911/221155.803:ERROR:process_memory_win.cc(73)] ReadMemory at 0x7ffd23e30000 of 64 bytes failed: Only part of a ReadProcessMemory or WriteProcessMemory request was completed. (0x12B)
[0911/221155.804:WARNING:pe_image_reader.cc(340)] could not read dos header from C:\Windows\System32\ucrtbase.dll
[0911/221155.804:ERROR:process_memory_win.cc(73)] ReadMemory at 0x7ffd24ac0000 of 64 bytes failed: Only part of a ReadProcessMemory or WriteProcessMemory request was completed. (0x12B)
[0911/221155.804:WARNING:pe_image_reader.cc(340)] could not read dos header from C:\Windows\System32\combase.dll
[0911/221155.804:ERROR:process_memory_win.cc(73)] ReadMemory at 0x7ffd23120000 of 64 bytes failed: Only part of a ReadProcessMemory or WriteProcessMemory request was completed. (0x12B)
[0911/221155.804:WARNING:pe_image_reader.cc(340)] could not read dos header from C:\Windows\System32\WINTRUST.dll
[0911/221155.804:ERROR:process_memory_win.cc(73)] ReadMemory at 0x7ffd23020000 of 64 bytes failed: Only part of a ReadProcessMemory or WriteProcessMemory request was completed. (0x12B)
[0911/221155.804:WARNING:pe_image_reader.cc(340)] could not read dos header from C:\Windows\System32\MSASN1.dll
[0911/221155.804:ERROR:process_memory_win.cc(73)] ReadMemory at 0x7ffd23180000 of 64 bytes failed: Only part of a ReadProcessMemory or WriteProcessMemory request was completed. (0x12B)
[0911/221155.804:WARNING:pe_image_reader.cc(340)] could not read dos header from C:\Windows\System32\CRYPT32.dll
[0911/221155.804:ERROR:process_memory_win.cc(73)] ReadMemory at 0x7ffd22630000 of 64 bytes failed: Only part of a ReadProcessMemory or WriteProcessMemory request was completed. (0x12B)
[0911/221155.804:WARNING:pe_image_reader.cc(340)] could not read dos header from C:\Windows\SYSTEM32\IPHLPAPI.DLL
[0911/221155.804:ERROR:process_memory_win.cc(73)] ReadMemory at 0x7ffd21650000 of 64 bytes failed: Only part of a ReadProcessMemory or WriteProcessMemory request was completed. (0x12B)
[0911/221155.804:WARNING:pe_image_reader.cc(340)] could not read dos header from C:\Windows\SYSTEM32\WINMM.dll
[0911/221155.804:ERROR:process_memory_win.cc(73)] ReadMemory at 0x7ffd1f250000 of 64 bytes failed: Only part of a ReadProcessMemory or WriteProcessMemory request was completed. (0x12B)
[0911/221155.804:WARNING:pe_image_reader.cc(340)] could not read dos header from C:\Windows\SYSTEM32\Secur32.dll
[0911/221155.804:ERROR:process_memory_win.cc(73)] ReadMemory at 0x7ffd22770000 of 64 bytes failed: Only part of a ReadProcessMemory or WriteProcessMemory request was completed. (0x12B)
[0911/221155.804:WARNING:pe_image_reader.cc(340)] could not read dos header from C:\Windows\SYSTEM32\USERENV.dll
[0911/221155.804:ERROR:process_memory_win.cc(73)] ReadMemory at 0x7ffd23090000 of 64 bytes failed: Only part of a ReadProcessMemory or WriteProcessMemory request was completed. (0x12B)
[0911/221155.804:WARNING:pe_image_reader.cc(340)] could not read dos header from C:\Windows\System32\profapi.dll
[0911/221155.804:ERROR:process_memory_win.cc(73)] ReadMemory at 0x7ffcfe7a0000 of 64 bytes failed: Only part of a ReadProcessMemory or WriteProcessMemory request was completed. (0x12B)
[0911/221155.804:WARNING:pe_image_reader.cc(340)] could not read dos header from C:\Windows\SYSTEM32\UIAutomationCore.DLL
[0911/221155.804:ERROR:process_memory_win.cc(73)] ReadMemory at 0x7ffd1b2c0000 of 64 bytes failed: Only part of a ReadProcessMemory or WriteProcessMemory request was completed. (0x12B)
[0911/221155.804:WARNING:pe_image_reader.cc(340)] could not read dos header from C:\Windows\SYSTEM32\DWrite.dll
[0911/221155.804:ERROR:process_memory_win.cc(73)] ReadMemory at 0x7ffd1d780000 of 64 bytes failed: Only part of a ReadProcessMemory or WriteProcessMemory request was completed. (0x12B)
[0911/221155.804:WARNING:pe_image_reader.cc(340)] could not read dos header from C:\Windows\SYSTEM32\WINSPOOL.DRV
[0911/221155.804:ERROR:process_memory_win.cc(73)] ReadMemory at 0x7ffd17e70000 of 64 bytes failed: Only part of a ReadProcessMemory or WriteProcessMemory request was completed. (0x12B)
[0911/221155.804:WARNING:pe_image_reader.cc(340)] could not read dos header from C:\Windows\SYSTEM32\dbghelp.dll
[0911/221155.804:ERROR:process_memory_win.cc(73)] ReadMemory at 0x7ffd1f2c0000 of 64 bytes failed: Only part of a ReadProcessMemory or WriteProcessMemory request was completed. (0x12B)
[0911/221155.804:WARNING:pe_image_reader.cc(340)] could not read dos header from C:\Windows\SYSTEM32\WINHTTP.dll
[0911/221155.804:ERROR:process_memory_win.cc(73)] ReadMemory at 0x7ffd1faa0000 of 64 bytes failed: Only part of a ReadProcessMemory or WriteProcessMemory request was completed. (0x12B)
[0911/221155.804:WARNING:pe_image_reader.cc(340)] could not read dos header from C:\Windows\SYSTEM32\dhcpcsvc.DLL
[0911/221155.804:ERROR:process_memory_win.cc(73)] ReadMemory at 0x7ffd25460000 of 64 bytes failed: Only part of a ReadProcessMemory or WriteProcessMemory request was completed. (0x12B)
[0911/221155.804:WARNING:pe_image_reader.cc(340)] could not read dos header from C:\Windows\System32\NSI.dll
[0911/221155.804:ERROR:process_memory_win.cc(73)] ReadMemory at 0x7ffd215f0000 of 64 bytes failed: Only part of a ReadProcessMemory or WriteProcessMemory request was completed. (0x12B)
[0911/221155.804:WARNING:pe_image_reader.cc(340)] could not read dos header from C:\Windows\SYSTEM32\WINMMBASE.dll
[0911/221155.804:ERROR:process_memory_win.cc(73)] ReadMemory at 0x7ffd23350000 of 64 bytes failed: Only part of a ReadProcessMemory or WriteProcessMemory request was completed. (0x12B)
[0911/221155.804:WARNING:pe_image_reader.cc(340)] could not read dos header from C:\Windows\System32\cfgmgr32.dll
[0911/221155.804:ERROR:process_memory_win.cc(73)] ReadMemory at 0x7ffd22f60000 of 64 bytes failed: Only part of a ReadProcessMemory or WriteProcessMemory request was completed. (0x12B)
[0911/221155.804:WARNING:pe_image_reader.cc(340)] could not read dos header from C:\Windows\SYSTEM32\bcrypt.dll
[0911/221155.804:ERROR:process_memory_win.cc(73)] ReadMemory at 0x7ffd22c80000 of 64 bytes failed: Only part of a ReadProcessMemory or WriteProcessMemory request was completed. (0x12B)
[0911/221155.804:WARNING:pe_image_reader.cc(340)] could not read dos header from C:\Windows\SYSTEM32\SSPICLI.DLL
[0911/221155.804:ERROR:process_memory_win.cc(73)] ReadMemory at 0x7ffd24d90000 of 64 bytes failed: Only part of a ReadProcessMemory or WriteProcessMemory request was completed. (0x12B)
[0911/221155.804:WARNING:pe_image_reader.cc(340)] could not read dos header from C:\Windows\System32\user32.dll
[0911/221155.805:ERROR:process_memory_win.cc(73)] ReadMemory at 0x7ffd24080000 of 64 bytes failed: Only part of a ReadProcessMemory or WriteProcessMemory request was completed. (0x12B)
[0911/221155.805:WARNING:pe_image_reader.cc(340)] could not read dos header from C:\Windows\System32\win32u.dll
[0911/221155.805:ERROR:process_memory_win.cc(73)] ReadMemory at 0x7ffd24880000 of 64 bytes failed: Only part of a ReadProcessMemory or WriteProcessMemory request was completed. (0x12B)
[0911/221155.805:WARNING:pe_image_reader.cc(340)] could not read dos header from C:\Windows\System32\GDI32.dll
[0911/221155.805:ERROR:process_memory_win.cc(73)] ReadMemory at 0x7ffd233a0000 of 64 bytes failed: Only part of a ReadProcessMemory or WriteProcessMemory request was completed. (0x12B)
[0911/221155.805:WARNING:pe_image_reader.cc(340)] could not read dos header from C:\Windows\System32\gdi32full.dll
[0911/221155.805:ERROR:process_memory_win.cc(73)] ReadMemory at 0x1d0afa40000 of 64 bytes failed: Only part of a ReadProcessMemory or WriteProcessMemory request was completed. (0x12B)
[0911/221155.805:WARNING:pe_image_reader.cc(340)] could not read dos header from C:\Windows\System32\IMM32.DLL
[0911/221155.805:ERROR:process_memory_win.cc(73)] ReadMemory at 0x7ffd254d0000 of 64 bytes failed: Only part of a ReadProcessMemory or WriteProcessMemory request was completed. (0x12B)
[0911/221155.805:WARNING:pe_image_reader.cc(340)] could not read dos header from C:\Windows\System32\SHELL32.dll
[0911/221155.805:ERROR:process_memory_win.cc(73)] ReadMemory at 0x7ffd23750000 of 64 bytes failed: Only part of a ReadProcessMemory or WriteProcessMemory request was completed. (0x12B)
[0911/221155.805:WARNING:pe_image_reader.cc(340)] could not read dos header from C:\Windows\System32\windows.storage.dll
[0911/221155.805:ERROR:process_memory_win.cc(73)] ReadMemory at 0x7ffd23030000 of 64 bytes failed: Only part of a ReadProcessMemory or WriteProcessMemory request was completed. (0x12B)
[0911/221155.805:WARNING:pe_image_reader.cc(340)] could not read dos header from C:\Windows\System32\powrprof.dll
[0911/221155.805:ERROR:process_memory_win.cc(73)] ReadMemory at 0x7ffd25470000 of 64 bytes failed: Only part of a ReadProcessMemory or WriteProcessMemory request was completed. (0x12B)
[0911/221155.805:WARNING:pe_image_reader.cc(340)] could not read dos header from C:\Windows\System32\shlwapi.dll
[0911/221155.805:ERROR:process_memory_win.cc(73)] ReadMemory at 0x7ffd23080000 of 64 bytes failed: Only part of a ReadProcessMemory or WriteProcessMemory request was completed. (0x12B)
[0911/221155.805:WARNING:pe_image_reader.cc(340)] could not read dos header from C:\Windows\System32\kernel.appcore.dll
[0911/221155.805:ERROR:process_memory_win.cc(73)] ReadMemory at 0x7ffd240a0000 of 64 bytes failed: Only part of a ReadProcessMemory or WriteProcessMemory request was completed. (0x12B)
[0911/221155.805:WARNING:pe_image_reader.cc(340)] could not read dos header from C:\Windows\System32\shcore.dll
[0911/221155.805:ERROR:process_memory_win.cc(73)] ReadMemory at 0x7ffd22f50000 of 64 bytes failed: Only part of a ReadProcessMemory or WriteProcessMemory request was completed. (0x12B)
[0911/221155.805:WARNING:pe_image_reader.cc(340)] could not read dos header from C:\Windows\SYSTEM32\CRYPTBASE.DLL
[0911/221155.814:ERROR:process_memory_win.cc(73)] ReadMemory at 0xcae43e7000 of 102400 bytes failed: Only part of a ReadProcessMemory or WriteProcessMemory request was completed. (0x12B)
[0911/221155.814:ERROR:process_memory_win.cc(73)] ReadMemory at 0xcae4bfd000 of 12288 bytes failed: Only part of a ReadProcessMemory or WriteProcessMemory request was completed. (0x12B)
[0911/221155.815:ERROR:process_memory_win.cc(73)] ReadMemory at 0xcae53f9000 of 28672 bytes failed: Only part of a ReadProcessMemory or WriteProcessMemory request was completed. (0x12B)
[0911/221155.815:ERROR:process_memory_win.cc(73)] ReadMemory at 0xcae5bfd000 of 12288 bytes failed: Only part of a ReadProcessMemory or WriteProcessMemory request was completed. (0x12B)
[0911/221155.815:ERROR:process_memory_win.cc(73)] ReadMemory at 0xcae63fc000 of 16384 bytes failed: Only part of a ReadProcessMemory or WriteProcessMemory request was completed. (0x12B)
[0911/221155.815:ERROR:process_memory_win.cc(73)] ReadMemory at 0xcae6bfe000 of 8192 bytes failed: Only part of a ReadProcessMemory or WriteProcessMemory request was completed. (0x12B)
[0911/221155.815:ERROR:process_memory_win.cc(73)] ReadMemory at 0xcae73fd000 of 12288 bytes failed: Only part of a ReadProcessMemory or WriteProcessMemory request was completed. (0x12B)
[0911/221155.815:ERROR:process_memory_win.cc(73)] ReadMemory at 0xcae7bfb000 of 20480 bytes failed: Only part of a ReadProcessMemory or WriteProcessMemory request was completed. (0x12B)
[0911/221155.815:ERROR:process_memory_win.cc(73)] ReadMemory at 0xcae83fd000 of 12288 bytes failed: Only part of a ReadProcessMemory or WriteProcessMemory request was completed. (0x12B)
[0911/221155.815:ERROR:process_memory_win.cc(73)] ReadMemory at 0xcae8bfc000 of 16384 bytes failed: Only part of a ReadProcessMemory or WriteProcessMemory request was completed. (0x12B)
[0911/221155.815:ERROR:process_memory_win.cc(73)] ReadMemory at 0xcae93fd000 of 12288 bytes failed: Only part of a ReadProcessMemory or WriteProcessMemory request was completed. (0x12B)
[0911/221155.815:ERROR:process_memory_win.cc(73)] ReadMemory at 0xcaea3f8000 of 32768 bytes failed: Only part of a ReadProcessMemory or WriteProcessMemory request was completed. (0x12B)
[0911/221155.815:ERROR:process_memory_win.cc(73)] ReadMemory at 0xcaeabfc000 of 16384 bytes failed: Only part of a ReadProcessMemory or WriteProcessMemory request was completed. (0x12B)
[0911/221155.815:ERROR:process_memory_win.cc(73)] ReadMemory at 0xcaeb3fc000 of 16384 bytes failed: Only part of a ReadProcessMemory or WriteProcessMemory request was completed. (0x12B)
[0911/221155.816:ERROR:process_memory_win.cc(73)] ReadMemory at 0xcaebbfd000 of 12288 bytes failed: Only part of a ReadProcessMemory or WriteProcessMemory request was completed. (0x12B)
[0911/221155.816:ERROR:process_memory_win.cc(73)] ReadMemory at 0xcae391d000 of 12288 bytes failed: Only part of a ReadProcessMemory or WriteProcessMemory request was completed. (0x12B)
[0911/221155.816:ERROR:process_memory_win.cc(73)] ReadMemory at 0xcaebcfe000 of 8192 bytes failed: Only part of a ReadProcessMemory or WriteProcessMemory request was completed. (0x12B)
[0911/221155.816:ERROR:process_memory_win.cc(73)] ReadMemory at 0xcae3b4e000 of 852 bytes failed: Only part of a ReadProcessMemory or WriteProcessMemory request was completed. (0x12B)
[0911/221155.816:ERROR:process_memory_win.cc(73)] ReadMemory at 0xcae3b4f000 of 6024 bytes failed: Only part of a ReadProcessMemory or WriteProcessMemory request was completed. (0x12B)
[0911/221155.816:ERROR:process_memory_win.cc(73)] ReadMemory at 0xcae3b51000 of 6024 bytes failed: Only part of a ReadProcessMemory or WriteProcessMemory request was completed. (0x12B)
[0911/221155.816:ERROR:process_memory_win.cc(73)] ReadMemory at 0xcae3b53000 of 6024 bytes failed: Only part of a ReadProcessMemory or WriteProcessMemory request was completed. (0x12B)
[0911/221155.816:ERROR:process_memory_win.cc(73)] ReadMemory at 0xcae3b55000 of 6024 bytes failed: Only part of a ReadProcessMemory or WriteProcessMemory request was completed. (0x12B)
[0911/221155.816:ERROR:process_memory_win.cc(73)] ReadMemory at 0xcae3b57000 of 6024 bytes failed: Only part of a ReadProcessMemory or WriteProcessMemory request was completed. (0x12B)
[0911/221155.816:ERROR:process_memory_win.cc(73)] ReadMemory at 0xcae3b59000 of 6024 bytes failed: Only part of a ReadProcessMemory or WriteProcessMemory request was completed. (0x12B)
[0911/221155.816:ERROR:process_memory_win.cc(73)] ReadMemory at 0xcae3b5b000 of 6024 bytes failed: Only part of a ReadProcessMemory or WriteProcessMemory request was completed. (0x12B)
[0911/221155.816:ERROR:process_memory_win.cc(73)] ReadMemory at 0xcae3b5d000 of 6024 bytes failed: Only part of a ReadProcessMemory or WriteProcessMemory request was completed. (0x12B)
[0911/221155.816:ERROR:process_memory_win.cc(73)] ReadMemory at 0xcae3b5f000 of 6024 bytes failed: Only part of a ReadProcessMemory or WriteProcessMemory request was completed. (0x12B)
[0911/221155.817:ERROR:process_memory_win.cc(73)] ReadMemory at 0xcae3b61000 of 6024 bytes failed: Only part of a ReadProcessMemory or WriteProcessMemory request was completed. (0x12B)
[0911/221155.817:ERROR:process_memory_win.cc(73)] ReadMemory at 0xcae3b63000 of 6024 bytes failed: Only part of a ReadProcessMemory or WriteProcessMemory request was completed. (0x12B)
[0911/221155.817:ERROR:process_memory_win.cc(73)] ReadMemory at 0xcae3b67000 of 6024 bytes failed: Only part of a ReadProcessMemory or WriteProcessMemory request was completed. (0x12B)
[0911/221155.817:ERROR:process_memory_win.cc(73)] ReadMemory at 0xcae3b69000 of 6024 bytes failed: Only part of a ReadProcessMemory or WriteProcessMemory request was completed. (0x12B)
[0911/221155.817:ERROR:process_memory_win.cc(73)] ReadMemory at 0xcae3b6b000 of 6024 bytes failed: Only part of a ReadProcessMemory or WriteProcessMemory request was completed. (0x12B)
[0911/221155.817:ERROR:process_memory_win.cc(73)] ReadMemory at 0xcae3b6d000 of 6024 bytes failed: Only part of a ReadProcessMemory or WriteProcessMemory request was completed. (0x12B)
[0911/221155.817:ERROR:process_memory_win.cc(73)] ReadMemory at 0xcae3b6f000 of 6024 bytes failed: Only part of a ReadProcessMemory or WriteProcessMemory request was completed. (0x12B)
[0911/221155.817:ERROR:process_memory_win.cc(73)] ReadMemory at 0xcae3b71000 of 6024 bytes failed: Only part of a ReadProcessMemory or WriteProcessMemory request was completed. (0x12B)
[0911/221155.817:ERROR:process_memory_win.cc(73)] ReadMemory at 0x1d0af8a0d60 of 1088 bytes failed: Only part of a ReadProcessMemory or WriteProcessMemory request was completed. (0x12B)
[0911/221155.817:ERROR:process_memory_win.cc(73)] ReadMemory at 0x1d0af940dd0 of 4378 bytes failed: Only part of a ReadProcessMemory or WriteProcessMemory request was completed. (0x12B)
[0911/221155.817:ERROR:process_memory_win.cc(73)] ReadMemory at 0x1d0af941f00 of 1012 bytes failed: Only part of a ReadProcessMemory or WriteProcessMemory request was completed. (0x12B)
[0911/221155.817:ERROR:process_memory_win.cc(73)] ReadMemory at 0x1d0af942518 of 118 bytes failed: Only part of a ReadProcessMemory or WriteProcessMemory request was completed. (0x12B)
[0911/221155.817:ERROR:process_memory_win.cc(73)] ReadMemory at 0x1d0af942590 of 1160 bytes failed: Only part of a ReadProcessMemory or WriteProcessMemory request was completed. (0x12B)
[0911/221155.818:ERROR:process_memory_win.cc(73)] ReadMemory at 0x1d0af942a1a of 118 bytes failed: Only part of a ReadProcessMemory or WriteProcessMemory request was completed. (0x12B)
[0911/221155.818:ERROR:process_memory_win.cc(73)] ReadMemory at 0x1d0af942a92 of 96 bytes failed: Only part of a ReadProcessMemory or WriteProcessMemory request was completed. (0x12B)
[0911/221155.818:ERROR:process_memory_win.cc(73)] ReadMemory at 0x1d0af942b00 of 58 bytes failed: Only part of a ReadProcessMemory or WriteProcessMemory request was completed. (0x12B)
[0911/221155.818:ERROR:process_memory_win.cc(73)] ReadMemory at 0x1d0af942c00 of 132 bytes failed: Only part of a ReadProcessMemory or WriteProcessMemory request was completed. (0x12B)
[0911/221155.818:ERROR:process_memory_win.cc(73)] ReadMemory at 0x1d0af942d90 of 132 bytes failed: Only part of a ReadProcessMemory or WriteProcessMemory request was completed. (0x12B)
[0911/221155.818:ERROR:process_memory_win.cc(73)] ReadMemory at 0x1d0af942f50 of 126 bytes failed: Only part of a ReadProcessMemory or WriteProcessMemory request was completed. (0x12B)
[0911/221155.818:ERROR:process_memory_win.cc(73)] ReadMemory at 0x1d0af943300 of 132 bytes failed: Only part of a ReadProcessMemory or WriteProcessMemory request was completed. (0x12B)
[0911/221155.818:ERROR:process_memory_win.cc(73)] ReadMemory at 0x1d0af943490 of 64 bytes failed: Only part of a ReadProcessMemory or WriteProcessMemory request was completed. (0x12B)
[0911/221155.818:ERROR:process_memory_win.cc(73)] ReadMemory at 0x1d0af943590 of 132 bytes failed: Only part of a ReadProcessMemory or WriteProcessMemory request was completed. (0x12B)
[0911/221155.818:ERROR:process_memory_win.cc(73)] ReadMemory at 0x1d0af9437d0 of 132 bytes failed: Only part of a ReadProcessMemory or WriteProcessMemory request was completed. (0x12B)
[0911/221155.818:ERROR:process_memory_win.cc(73)] ReadMemory at 0x1d0af943960 of 68 bytes failed: Only part of a ReadProcessMemory or WriteProcessMemory request was completed. (0x12B)
[0911/221155.818:ERROR:process_memory_win.cc(73)] ReadMemory at 0x1d0af9446d0 of 132 bytes failed: Only part of a ReadProcessMemory or WriteProcessMemory request was completed. (0x12B)
[0911/221155.818:ERROR:process_memory_win.cc(73)] ReadMemory at 0x1d0af9448c0 of 132 bytes failed: Only part of a ReadProcessMemory or WriteProcessMemory request was completed. (0x12B)
[0911/221155.818:ERROR:process_memory_win.cc(73)] ReadMemory at 0x1d0af9449f0 of 154 bytes failed: Only part of a ReadProcessMemory or WriteProcessMemory request was completed. (0x12B)
[0911/221155.818:ERROR:process_memory_win.cc(73)] ReadMemory at 0x1d0af945690 of 60 bytes failed: Only part of a ReadProcessMemory or WriteProcessMemory request was completed. (0x12B)
[0911/221155.818:ERROR:process_memory_win.cc(73)] ReadMemory at 0x1d0af945730 of 62 bytes failed: Only part of a ReadProcessMemory or WriteProcessMemory request was completed. (0x12B)
[0911/221155.818:ERROR:process_memory_win.cc(73)] ReadMemory at 0x1d0af945900 of 132 bytes failed: Only part of a ReadProcessMemory or WriteProcessMemory request was completed. (0x12B)
[0911/221155.818:ERROR:process_memory_win.cc(73)] ReadMemory at 0x1d0af94e3a0 of 68 bytes failed: Only part of a ReadProcessMemory or WriteProcessMemory request was completed. (0x12B)
[0911/221155.818:ERROR:process_memory_win.cc(73)] ReadMemory at 0x1d0af951da0 of 80 bytes failed: Only part of a ReadProcessMemory or WriteProcessMemory request was completed. (0x12B)
[0911/221155.819:ERROR:process_memory_win.cc(73)] ReadMemory at 0x1d0af951ec0 of 80 bytes failed: Only part of a ReadProcessMemory or WriteProcessMemory request was completed. (0x12B)
[0911/221155.819:ERROR:process_memory_win.cc(73)] ReadMemory at 0x1d0af9533c0 of 132 bytes failed: Only part of a ReadProcessMemory or WriteProcessMemory request was completed. (0x12B)
[0911/221155.819:ERROR:process_memory_win.cc(73)] ReadMemory at 0x1d0af9534f0 of 132 bytes failed: Only part of a ReadProcessMemory or WriteProcessMemory request was completed. (0x12B)
[0911/221155.819:ERROR:process_memory_win.cc(73)] ReadMemory at 0x1d0af953620 of 146 bytes failed: Only part of a ReadProcessMemory or WriteProcessMemory request was completed. (0x12B)
[0911/221155.819:ERROR:process_memory_win.cc(73)] ReadMemory at 0x1d0af9549b0 of 132 bytes failed: Only part of a ReadProcessMemory or WriteProcessMemory request was completed. (0x12B)
[0911/221155.819:ERROR:process_memory_win.cc(73)] ReadMemory at 0x1d0af9554a0 of 132 bytes failed: Only part of a ReadProcessMemory or WriteProcessMemory request was completed. (0x12B)
[0911/221155.819:ERROR:process_memory_win.cc(73)] ReadMemory at 0x1d0af9555d0 of 132 bytes failed: Only part of a ReadProcessMemory or WriteProcessMemory request was completed. (0x12B)
[0911/221155.819:ERROR:process_memory_win.cc(73)] ReadMemory at 0x1d0af955700 of 132 bytes failed: Only part of a ReadProcessMemory or WriteProcessMemory request was completed. (0x12B)
[0911/221155.819:ERROR:process_memory_win.cc(73)] ReadMemory at 0x1d0af955830 of 132 bytes failed: Only part of a ReadProcessMemory or WriteProcessMemory request was completed. (0x12B)
[0911/221155.819:ERROR:process_memory_win.cc(73)] ReadMemory at 0x1d0af955960 of 132 bytes failed: Only part of a ReadProcessMemory or WriteProcessMemory request was completed. (0x12B)
[0911/221155.819:ERROR:process_memory_win.cc(73)] ReadMemory at 0x1d0af955a90 of 132 bytes failed: Only part of a ReadProcessMemory or WriteProcessMemory request was completed. (0x12B)
[0911/221155.819:ERROR:process_memory_win.cc(73)] ReadMemory at 0x1d0af955cf0 of 132 bytes failed: Only part of a ReadProcessMemory or WriteProcessMemory request was completed. (0x12B)
[0911/221155.819:ERROR:process_memory_win.cc(73)] ReadMemory at 0x1d0af955e20 of 132 bytes failed: Only part of a ReadProcessMemory or WriteProcessMemory request was completed. (0x12B)
[0911/221155.819:ERROR:process_memory_win.cc(73)] ReadMemory at 0x1d0af955f50 of 132 bytes failed: Only part of a ReadProcessMemory or WriteProcessMemory request was completed. (0x12B)
[0911/221155.819:ERROR:process_memory_win.cc(73)] ReadMemory at 0x1d0af956080 of 132 bytes failed: Only part of a ReadProcessMemory or WriteProcessMemory request was completed. (0x12B)
[0911/221155.819:ERROR:process_memory_win.cc(73)] ReadMemory at 0x1d0af9561b0 of 132 bytes failed: Only part of a ReadProcessMemory or WriteProcessMemory request was completed. (0x12B)
[0911/221155.819:ERROR:process_memory_win.cc(73)] ReadMemory at 0x1d0af9562e0 of 132 bytes failed: Only part of a ReadProcessMemory or WriteProcessMemory request was completed. (0x12B)
[0911/221155.819:ERROR:process_memory_win.cc(73)] ReadMemory at 0x1d0af958570 of 132 bytes failed: Only part of a ReadProcessMemory or WriteProcessMemory request was completed. (0x12B)
[0911/221155.819:ERROR:process_memory_win.cc(73)] ReadMemory at 0x1d0af958820 of 132 bytes failed: Only part of a ReadProcessMemory or WriteProcessMemory request was completed. (0x12B)
[0911/221155.819:ERROR:process_memory_win.cc(73)] ReadMemory at 0x1d0af959450 of 132 bytes failed: Only part of a ReadProcessMemory or WriteProcessMemory request was completed. (0x12B)
[0911/221155.819:ERROR:process_memory_win.cc(73)] ReadMemory at 0x1d0af9596f0 of 54 bytes failed: Only part of a ReadProcessMemory or WriteProcessMemory request was completed. (0x12B)
[0911/221155.819:ERROR:process_memory_win.cc(73)] ReadMemory at 0x1d0af95a750 of 58 bytes failed: Only part of a ReadProcessMemory or WriteProcessMemory request was completed. (0x12B)
[0911/221155.820:ERROR:process_memory_win.cc(73)] ReadMemory at 0x1d0af95a7f0 of 62 bytes failed: Only part of a ReadProcessMemory or WriteProcessMemory request was completed. (0x12B)
[0911/221155.820:ERROR:process_memory_win.cc(73)] ReadMemory at 0x1d0af95a840 of 62 bytes failed: Only part of a ReadProcessMemory or WriteProcessMemory request was completed. (0x12B)
[0911/221155.820:ERROR:process_memory_win.cc(73)] ReadMemory at 0x1d0af95a8e0 of 60 bytes failed: Only part of a ReadProcessMemory or WriteProcessMemory request was completed. (0x12B)
[0911/221155.820:ERROR:process_memory_win.cc(73)] ReadMemory at 0x1d0af95a930 of 64 bytes failed: Only part of a ReadProcessMemory or WriteProcessMemory request was completed. (0x12B)
[0911/221155.820:ERROR:process_memory_win.cc(73)] ReadMemory at 0x1d0af95a980 of 60 bytes failed: Only part of a ReadProcessMemory or WriteProcessMemory request was completed. (0x12B)
[0911/221155.820:ERROR:process_memory_win.cc(73)] ReadMemory at 0x1d0af95aa20 of 60 bytes failed: Only part of a ReadProcessMemory or WriteProcessMemory request was completed. (0x12B)
[0911/221155.820:ERROR:process_memory_win.cc(73)] ReadMemory at 0x1d0af95aa70 of 64 bytes failed: Only part of a ReadProcessMemory or WriteProcessMemory request was completed. (0x12B)
[0911/221155.820:ERROR:process_memory_win.cc(73)] ReadMemory at 0x1d0af95aac0 of 64 bytes failed: Only part of a ReadProcessMemory or WriteProcessMemory request was completed. (0x12B)
[0911/221155.820:ERROR:process_memory_win.cc(73)] ReadMemory at 0x1d0af95abb0 of 66 bytes failed: Only part of a ReadProcessMemory or WriteProcessMemory request was completed. (0x12B)
[0911/221155.820:ERROR:process_memory_win.cc(73)] ReadMemory at 0x1d0af95ac00 of 58 bytes failed: Only part of a ReadProcessMemory or WriteProcessMemory request was completed. (0x12B)
[0911/221155.820:ERROR:process_memory_win.cc(73)] ReadMemory at 0x1d0af95ac50 of 64 bytes failed: Only part of a ReadProcessMemory or WriteProcessMemory request was completed. (0x12B)
[0911/221155.820:ERROR:process_memory_win.cc(73)] ReadMemory at 0x1d0af95aca0 of 62 bytes failed: Only part of a ReadProcessMemory or WriteProcessMemory request was completed. (0x12B)
[0911/221155.820:ERROR:process_memory_win.cc(73)] ReadMemory at 0x1d0af95acf0 of 60 bytes failed: Only part of a ReadProcessMemory or WriteProcessMemory request was completed. (0x12B)
[0911/221155.820:ERROR:process_memory_win.cc(73)] ReadMemory at 0x1d0af95ad40 of 62 bytes failed: Only part of a ReadProcessMemory or WriteProcessMemory request was completed. (0x12B)
[0911/221155.820:ERROR:process_memory_win.cc(73)] ReadMemory at 0x1d0af95ad90 of 62 bytes failed: Only part of a ReadProcessMemory or WriteProcessMemory request was completed. (0x12B)
[0911/221155.820:ERROR:process_memory_win.cc(73)] ReadMemory at 0x1d0af95ade0 of 62 bytes failed: Only part of a ReadProcessMemory or WriteProcessMemory request was completed. (0x12B)
[0911/221155.821:ERROR:process_memory_win.cc(73)] ReadMemory at 0x1d0af95ae30 of 62 bytes failed: Only part of a ReadProcessMemory or WriteProcessMemory request was completed. (0x12B)
[0911/221155.821:ERROR:process_memory_win.cc(73)] ReadMemory at 0x1d0af95aed0 of 58 bytes failed: Only part of a ReadProcessMemory or WriteProcessMemory request was completed. (0x12B)
[0911/221155.821:ERROR:process_memory_win.cc(73)] ReadMemory at 0x1d0af95af20 of 66 bytes failed: Only part of a ReadProcessMemory or WriteProcessMemory request was completed. (0x12B)
[0911/221155.821:ERROR:process_memory_win.cc(73)] ReadMemory at 0x1d0af95b0b0 of 60 bytes failed: Only part of a ReadProcessMemory or WriteProcessMemory request was completed. (0x12B)
[0911/221155.821:ERROR:process_memory_win.cc(73)] ReadMemory at 0x1d0af95b100 of 62 bytes failed: Only part of a ReadProcessMemory or WriteProcessMemory request was completed. (0x12B)
[0911/221155.821:ERROR:process_memory_win.cc(73)] ReadMemory at 0x1d0af95b1a0 of 66 bytes failed: Only part of a ReadProcessMemory or WriteProcessMemory request was completed. (0x12B)
[0911/221155.821:ERROR:process_memory_win.cc(73)] ReadMemory at 0x1d0af95b240 of 60 bytes failed: Only part of a ReadProcessMemory or WriteProcessMemory request was completed. (0x12B)
[0911/221155.821:ERROR:process_memory_win.cc(73)] ReadMemory at 0x1d0af95b290 of 62 bytes failed: Only part of a ReadProcessMemory or WriteProcessMemory request was completed. (0x12B)
[0911/221155.821:ERROR:process_memory_win.cc(73)] ReadMemory at 0x1d0af95b2e0 of 60 bytes failed: Only part of a ReadProcessMemory or WriteProcessMemory request was completed. (0x12B)
[0911/221155.821:ERROR:process_memory_win.cc(73)] ReadMemory at 0x1d0af95b330 of 64 bytes failed: Only part of a ReadProcessMemory or WriteProcessMemory request was completed. (0x12B)
[0911/221155.821:ERROR:process_memory_win.cc(73)] ReadMemory at 0x1d0af95b3d0 of 64 bytes failed: Only part of a ReadProcessMemory or WriteProcessMemory request was completed. (0x12B)
[0911/221155.821:ERROR:process_memory_win.cc(73)] ReadMemory at 0x1d0af95b420 of 64 bytes failed: Only part of a ReadProcessMemory or WriteProcessMemory request was completed. (0x12B)
[0911/221155.821:ERROR:process_memory_win.cc(73)] ReadMemory at 0x1d0af95b5b0 of 64 bytes failed: Only part of a ReadProcessMemory or WriteProcessMemory request was completed. (0x12B)
[0911/221155.821:ERROR:process_memory_win.cc(73)] ReadMemory at 0x1d0af95f8d0 of 132 bytes failed: Only part of a ReadProcessMemory or WriteProcessMemory request was completed. (0x12B)
[0911/221155.821:ERROR:process_memory_win.cc(73)] ReadMemory at 0x1d0af95fac0 of 132 bytes failed: Only part of a ReadProcessMemory or WriteProcessMemory request was completed. (0x12B)
[0911/221155.821:ERROR:process_memory_win.cc(73)] ReadMemory at 0x1d0af95fdc0 of 132 bytes failed: Only part of a ReadProcessMemory or WriteProcessMemory request was completed. (0x12B)
[0911/221155.821:ERROR:process_memory_win.cc(73)] ReadMemory at 0x1d0af960020 of 132 bytes failed: Only part of a ReadProcessMemory or WriteProcessMemory request was completed. (0x12B)
[0911/221155.821:ERROR:process_memory_win.cc(73)] ReadMemory at 0x1d0af960150 of 132 bytes failed: Only part of a ReadProcessMemory or WriteProcessMemory request was completed. (0x12B)
[0911/221155.821:ERROR:process_memory_win.cc(73)] ReadMemory at 0x1d0af960280 of 132 bytes failed: Only part of a ReadProcessMemory or WriteProcessMemory request was completed. (0x12B)
[0911/221155.821:ERROR:process_memory_win.cc(73)] ReadMemory at 0x1d0af9603b0 of 132 bytes failed: Only part of a ReadProcessMemory or WriteProcessMemory request was completed. (0x12B)
[0911/221155.821:ERROR:process_memory_win.cc(73)] ReadMemory at 0x1d0af9604e0 of 132 bytes failed: Only part of a ReadProcessMemory or WriteProcessMemory request was completed. (0x12B)
[0911/221155.822:ERROR:process_memory_win.cc(73)] ReadMemory at 0x1d0af960610 of 132 bytes failed: Only part of a ReadProcessMemory or WriteProcessMemory request was completed. (0x12B)
[0911/221155.822:ERROR:process_memory_win.cc(73)] ReadMemory at 0x1d0af960740 of 132 bytes failed: Only part of a ReadProcessMemory or WriteProcessMemory request was completed. (0x12B)
[0911/221155.822:ERROR:process_memory_win.cc(73)] ReadMemory at 0x1d0af960870 of 132 bytes failed: Only part of a ReadProcessMemory or WriteProcessMemory request was completed. (0x12B)
[0911/221155.822:ERROR:process_memory_win.cc(73)] ReadMemory at 0x1d0af960ad0 of 132 bytes failed: Only part of a ReadProcessMemory or WriteProcessMemory request was completed. (0x12B)
[0911/221155.822:ERROR:process_memory_win.cc(73)] ReadMemory at 0x1d0af960c00 of 132 bytes failed: Only part of a ReadProcessMemory or WriteProcessMemory request was completed. (0x12B)
[0911/221155.822:ERROR:process_memory_win.cc(73)] ReadMemory at 0x1d0af9610c0 of 132 bytes failed: Only part of a ReadProcessMemory or WriteProcessMemory request was completed. (0x12B)
[0911/221155.822:ERROR:process_memory_win.cc(73)] ReadMemory at 0x1d0af961450 of 132 bytes failed: Only part of a ReadProcessMemory or WriteProcessMemory request was completed. (0x12B)
[0911/221155.822:ERROR:process_memory_win.cc(73)] ReadMemory at 0x1d0af961580 of 132 bytes failed: Only part of a ReadProcessMemory or WriteProcessMemory request was completed. (0x12B)
[0911/221155.822:ERROR:process_memory_win.cc(73)] ReadMemory at 0x1d0af9616b0 of 132 bytes failed: Only part of a ReadProcessMemory or WriteProcessMemory request was completed. (0x12B)
[0911/221155.822:ERROR:process_memory_win.cc(73)] ReadMemory at 0x1d0af961910 of 132 bytes failed: Only part of a ReadProcessMemory or WriteProcessMemory request was completed. (0x12B)
[0911/221155.822:ERROR:process_memory_win.cc(73)] ReadMemory at 0x1d0af961a40 of 132 bytes failed: Only part of a ReadProcessMemory or WriteProcessMemory request was completed. (0x12B)
[0911/221155.822:ERROR:process_memory_win.cc(73)] ReadMemory at 0x1d0af961b70 of 132 bytes failed: Only part of a ReadProcessMemory or WriteProcessMemory request was completed. (0x12B)
[0911/221155.822:ERROR:process_memory_win.cc(73)] ReadMemory at 0x1d0af961ca0 of 132 bytes failed: Only part of a ReadProcessMemory or WriteProcessMemory request was completed. (0x12B)
[0911/221155.822:ERROR:process_memory_win.cc(73)] ReadMemory at 0x1d0af961dd0 of 132 bytes failed: Only part of a ReadProcessMemory or WriteProcessMemory request was completed. (0x12B)
[0911/221155.822:ERROR:process_memory_win.cc(73)] ReadMemory at 0x1d0af972ac0 of 78 bytes failed: Only part of a ReadProcessMemory or WriteProcessMemory request was completed. (0x12B)
[0911/221155.822:ERROR:process_memory_win.cc(73)] ReadMemory at 0x1d0af973240 of 76 bytes failed: Only part of a ReadProcessMemory or WriteProcessMemory request was completed. (0x12B)
[0911/221155.822:ERROR:process_memory_win.cc(73)] ReadMemory at 0x1d0af9753a0 of 512 bytes failed: Only part of a ReadProcessMemory or WriteProcessMemory request was completed. (0x12B)
[0911/221155.822:ERROR:process_memory_win.cc(73)] ReadMemory at 0x1d0af97cfa0 of 64 bytes failed: Only part of a ReadProcessMemory or WriteProcessMemory request was completed. (0x12B)
[0911/221155.822:ERROR:process_memory_win.cc(73)] ReadMemory at 0x1d0af97cff0 of 62 bytes failed: Only part of a ReadProcessMemory or WriteProcessMemory request was completed. (0x12B)
[0911/221155.822:ERROR:process_memory_win.cc(73)] ReadMemory at 0x1d0af97d180 of 62 bytes failed: Only part of a ReadProcessMemory or WriteProcessMemory request was completed. (0x12B)
[0911/221155.822:ERROR:process_memory_win.cc(73)] ReadMemory at 0x1d0af98bf00 of 512 bytes failed: Only part of a ReadProcessMemory or WriteProcessMemory request was completed. (0x12B)
[0911/221155.823:ERROR:process_memory_win.cc(73)] ReadMemory at 0x1d0af993d20 of 60 bytes failed: Only part of a ReadProcessMemory or WriteProcessMemory request was completed. (0x12B)
[0911/221155.823:ERROR:process_memory_win.cc(73)] ReadMemory at 0x1d0af9bc230 of 512 bytes failed: Only part of a ReadProcessMemory or WriteProcessMemory request was completed. (0x12B)
[0911/221155.823:ERROR:process_memory_win.cc(73)] ReadMemory at 0x1d0af9bc620 of 512 bytes failed: Only part of a ReadProcessMemory or WriteProcessMemory request was completed. (0x12B)
[0911/221155.823:ERROR:process_memory_win.cc(73)] ReadMemory at 0x1d0af9bedc0 of 512 bytes failed: Only part of a ReadProcessMemory or WriteProcessMemory request was completed. (0x12B)
[0911/221155.823:ERROR:process_memory_win.cc(73)] ReadMemory at 0x1d0af9bf4c0 of 856 bytes failed: Only part of a ReadProcessMemory or WriteProcessMemory request was completed. (0x12B)
[0911/221155.823:ERROR:process_memory_win.cc(73)] ReadMemory at 0x1d0af9c0940 of 512 bytes failed: Only part of a ReadProcessMemory or WriteProcessMemory request was completed. (0x12B)
[0911/221155.823:ERROR:process_memory_win.cc(73)] ReadMemory at 0x1d0af9c9481 of 512 bytes failed: Only part of a ReadProcessMemory or WriteProcessMemory request was completed. (0x12B)
[0911/221155.823:ERROR:process_memory_win.cc(73)] ReadMemory at 0x1d0af9e3af0 of 512 bytes failed: Only part of a ReadProcessMemory or WriteProcessMemory request was completed. (0x12B)
[0911/221155.823:ERROR:process_memory_win.cc(73)] ReadMemory at 0x1d0af9e9030 of 512 bytes failed: Only part of a ReadProcessMemory or WriteProcessMemory request was completed. (0x12B)
[0911/221155.823:ERROR:process_memory_win.cc(73)] ReadMemory at 0x1d0b12c0520 of 512 bytes failed: Only part of a ReadProcessMemory or WriteProcessMemory request was completed. (0x12B)
[0911/221155.823:ERROR:process_memory_win.cc(73)] ReadMemory at 0x1d0b13426a0 of 512 bytes failed: Only part of a ReadProcessMemory or WriteProcessMemory request was completed. (0x12B)
[0911/221155.823:ERROR:process_memory_win.cc(73)] ReadMemory at 0x1d0b15dc878 of 512 bytes failed: Only part of a ReadProcessMemory or WriteProcessMemory request was completed. (0x12B)
[0911/221155.823:ERROR:process_memory_win.cc(73)] ReadMemory at 0x1d0b1663110 of 512 bytes failed: Only part of a ReadProcessMemory or WriteProcessMemory request was completed. (0x12B)
[0911/221155.823:ERROR:process_memory_win.cc(73)] ReadMemory at 0x1d0b1695bb0 of 512 bytes failed: Only part of a ReadProcessMemory or WriteProcessMemory request was completed. (0x12B)
[0911/221155.823:ERROR:process_memory_win.cc(73)] ReadMemory at 0x1d0b17a7738 of 512 bytes failed: Only part of a ReadProcessMemory or WriteProcessMemory request was completed. (0x12B)
[0911/221155.823:ERROR:process_memory_win.cc(73)] ReadMemory at 0x1d0b1f20000 of 384 bytes failed: Only part of a ReadProcessMemory or WriteProcessMemory request was completed. (0x12B)
[0911/221155.824:ERROR:process_memory_win.cc(73)] ReadMemory at 0x1d0b20709b0 of 520 bytes failed: Only part of a ReadProcessMemory or WriteProcessMemory request was completed. (0x12B)
[0911/221155.824:ERROR:process_memory_win.cc(73)] ReadMemory at 0x1d0b21d4dc0 of 512 bytes failed: Only part of a ReadProcessMemory or WriteProcessMemory request was completed. (0x12B)
[0911/221155.824:ERROR:process_memory_win.cc(73)] ReadMemory at 0x1d0b231ac00 of 720 bytes failed: Only part of a ReadProcessMemory or WriteProcessMemory request was completed. (0x12B)
[0911/221155.824:ERROR:process_memory_win.cc(73)] ReadMemory at 0x1d0b264d838 of 512 bytes failed: Only part of a ReadProcessMemory or WriteProcessMemory request was completed. (0x12B)
[0911/221155.824:ERROR:process_memory_win.cc(73)] ReadMemory at 0x1d0b27c8920 of 512 bytes failed: Only part of a ReadProcessMemory or WriteProcessMemory request was completed. (0x12B)
[0911/221155.824:ERROR:process_memory_win.cc(73)] ReadMemory at 0x24ac00000000 of 384 bytes failed: Only part of a ReadProcessMemory or WriteProcessMemory request was completed. (0x12B)
[0911/221155.824:ERROR:process_memory_win.cc(73)] ReadMemory at 0x24ac0824c5e4 of 513 bytes failed: Only part of a ReadProcessMemory or WriteProcessMemory request was completed. (0x12B)
[0911/221155.824:ERROR:process_memory_win.cc(73)] ReadMemory at 0x24ac08281069 of 512 bytes failed: Only part of a ReadProcessMemory or WriteProcessMemory request was completed. (0x12B)
[0911/221155.824:ERROR:process_memory_win.cc(73)] ReadMemory at 0x24ac09203da4 of 512 bytes failed: Only part of a ReadProcessMemory or WriteProcessMemory request was completed. (0x12B)
[0911/221155.824:ERROR:process_memory_win.cc(73)] ReadMemory at 0x24ac09805cf0 of 1013 bytes failed: Only part of a ReadProcessMemory or WriteProcessMemory request was completed. (0x12B)
[0911/221155.824:ERROR:process_memory_win.cc(73)] ReadMemory at 0x24ac0981cfec of 512 bytes failed: Only part of a ReadProcessMemory or WriteProcessMemory request was completed. (0x12B)
[0911/221155.824:ERROR:process_memory_win.cc(73)] ReadMemory at 0x7ffce9b063b8 of 512 bytes failed: Only part of a ReadProcessMemory or WriteProcessMemory request was completed. (0x12B)
[0911/221155.824:ERROR:process_memory_win.cc(73)] ReadMemory at 0x7ffce9bfb405 of 512 bytes failed: Only part of a ReadProcessMemory or WriteProcessMemory request was completed. (0x12B)
[0911/221155.824:ERROR:process_memory_win.cc(73)] ReadMemory at 0x7ffceb688570 of 512 bytes failed: Only part of a ReadProcessMemory or WriteProcessMemory request was completed. (0x12B)
[0911/221155.824:ERROR:process_memory_win.cc(73)] ReadMemory at 0x7ffcec30979c of 512 bytes failed: Only part of a ReadProcessMemory or WriteProcessMemory request was completed. (0x12B)
[0911/221155.824:ERROR:process_memory_win.cc(73)] ReadMemory at 0x7ffcf07ac480 of 512 bytes failed: Only part of a ReadProcessMemory or WriteProcessMemory request was completed. (0x12B)
[0911/221155.824:ERROR:process_memory_win.cc(73)] ReadMemory at 0x7ffcf14649cf of 512 bytes failed: Only part of a ReadProcessMemory or WriteProcessMemory request was completed. (0x12B)
[0911/221155.824:ERROR:process_memory_win.cc(73)] ReadMemory at 0x7ffd0f85b96e of 512 bytes failed: Only part of a ReadProcessMemory or WriteProcessMemory request was completed. (0x12B)
[0911/221155.824:ERROR:process_memory_win.cc(73)] ReadMemory at 0x7ffd23564eb8 of 512 bytes failed: Only part of a ReadProcessMemory or WriteProcessMemory request was completed. (0x12B)
[0911/221155.824:ERROR:process_memory_win.cc(73)] ReadMemory at 0x7ffd23722748 of 512 bytes failed: Only part of a ReadProcessMemory or WriteProcessMemory request was completed. (0x12B)
[0911/221155.824:ERROR:process_memory_win.cc(73)] ReadMemory at 0x7ffd26be83e0 of 512 bytes failed: Only part of a ReadProcessMemory or WriteProcessMemory request was completed. (0x12B)
[0911/221155.825:ERROR:process_memory_win.cc(73)] ReadMemory at 0x7ffd26c05eb0 of 512 bytes failed: Only part of a ReadProcessMemory or WriteProcessMemory request was completed. (0x12B)
[0911/221155.825:ERROR:process_memory_win.cc(73)] ReadMemory at 0x7ffd26c65a04 of 832 bytes failed: Only part of a ReadProcessMemory or WriteProcessMemory request was completed. (0x12B)
[0911/221155.825:ERROR:process_memory_win.cc(73)] ReadMemory at 0x7ffd26c66004 of 512 bytes failed: Only part of a ReadProcessMemory or WriteProcessMemory request was completed. (0x12B)
[0911/221155.825:ERROR:process_memory_win.cc(73)] ReadMemory at 0x7ffd26c690f4 of 608 bytes failed: Only part of a ReadProcessMemory or WriteProcessMemory request was completed. (0x12B)
[0911/221155.825:ERROR:process_memory_win.cc(73)] ReadMemory at 0x7ffd26c6c2c3 of 512 bytes failed: Only part of a ReadProcessMemory or WriteProcessMemory request was completed. (0x12B)
[0911/221155.825:ERROR:process_memory_win.cc(73)] ReadMemory at 0x7ffd26cdb940 of 18 bytes failed: Only part of a ReadProcessMemory or WriteProcessMemory request was completed. (0x12B)
[0911/221155.825:ERROR:process_memory_win.cc(73)] ReadMemory at 0x7ffd26d0b568 of 40 bytes failed: Only part of a ReadProcessMemory or WriteProcessMemory request was completed. (0x12B)
[0911/221155.825:ERROR:process_memory_win.cc(73)] ReadMemory at 0x7ffd26d0b998 of 48 bytes failed: Only part of a ReadProcessMemory or WriteProcessMemory request was completed. (0x12B)
[0911/221155.825:ERROR:process_memory_win.cc(73)] ReadMemory at 0x7ffd26d113c0 of 64 bytes failed: Only part of a ReadProcessMemory or WriteProcessMemory request was completed. (0x12B)
[0911/221155.825:ERROR:process_memory_win.cc(73)] ReadMemory at 0x7ffd26d12330 of 512 bytes failed: Only part of a ReadProcessMemory or WriteProcessMemory request was completed. (0x12B)
[0911/221155.827:ERROR:scoped_process_suspend.cc(40)] NtResumeProcess: An attempt was made to access an exiting process. (0xc000010a)
[0113/182706.717:ERROR:directory_reader_win.cc(43)] FindFirstFile: The system cannot find the path specified. (0x3)
[0113/202230.747:ERROR:directory_reader_win.cc(43)] FindFirstFile: The system cannot find the path specified. (0x3)
[0114/202231.884:ERROR:directory_reader_win.cc(43)] FindFirstFile: The system cannot find the path specified. (0x3)
[0115/202233.196:ERROR:directory_reader_win.cc(43)] FindFirstFile: The system cannot find the path specified. (0x3)
[0116/202234.438:ERROR:directory_reader_win.cc(43)] FindFirstFile: The system cannot find the path specified. (0x3)
[0117/202235.620:ERROR:directory_reader_win.cc(43)] FindFirstFile: The system cannot find the path specified. (0x3)
[0118/202236.812:ERROR:directory_reader_win.cc(43)] FindFirstFile: The system cannot find the path specified. (0x3)
[0119/202237.987:ERROR:directory_reader_win.cc(43)] FindFirstFile: The system cannot find the path specified. (0x3)
[0120/202239.218:ERROR:directory_reader_win.cc(43)] FindFirstFile: The system cannot find the path specified. (0x3)
[0120/232157.799:ERROR:directory_reader_win.cc(43)] FindFirstFile: The system cannot find the path specified. (0x3)
[0120/234234.878:ERROR:directory_reader_win.cc(43)] FindFirstFile: The system cannot find the path specified. (0x3)
[0121/112521.596:ERROR:directory_reader_win.cc(43)] FindFirstFile: The system cannot find the path specified. (0x3)
[0121/115202.459:ERROR:directory_reader_win.cc(43)] FindFirstFile: The system cannot find the path specified. (0x3)
[0121/122240.295:ERROR:directory_reader_win.cc(43)] FindFirstFile: The system cannot find the path specified. (0x3)
[0121/131918.524:ERROR:directory_reader_win.cc(43)] FindFirstFile: The system cannot find the path specified. (0x3)
[0121/133042.328:ERROR:directory_reader_win.cc(43)] FindFirstFile: The system cannot find the path specified. (0x3)
[0121/134842.819:ERROR:directory_reader_win.cc(43)] FindFirstFile: The system cannot find the path specified. (0x3)
[0121/140330.336:ERROR:directory_reader_win.cc(43)] FindFirstFile: The system cannot find the path specified. (0x3)
[0121/142944.092:ERROR:directory_reader_win.cc(43)] FindFirstFile: The system cannot find the path specified. (0x3)
[0122/142945.209:ERROR:directory_reader_win.cc(43)] FindFirstFile: The system cannot find the path specified. (0x3)
[0128/200831.435:ERROR:directory_reader_win.cc(43)] FindFirstFile: The system cannot find the path specified. (0x3)
[0129/200737.081:ERROR:directory_reader_win.cc(43)] FindFirstFile: The system cannot find the path specified. (0x3)
[0129/201913.102:ERROR:directory_reader_win.cc(43)] FindFirstFile: The system cannot find the path specified. (0x3)
[0129/202615.463:ERROR:directory_reader_win.cc(43)] FindFirstFile: The system cannot find the path specified. (0x3)
[0129/213744.781:ERROR:directory_reader_win.cc(43)] FindFirstFile: The system cannot find the path specified. (0x3)
[0130/200738.174:ERROR:directory_reader_win.cc(43)] FindFirstFile: The system cannot find the path specified. (0x3)
[0130/201914.200:ERROR:directory_reader_win.cc(43)] FindFirstFile: The system cannot find the path specified. (0x3)
[0130/202616.559:ERROR:directory_reader_win.cc(43)] FindFirstFile: The system cannot find the path specified. (0x3)
[0130/213745.877:ERROR:directory_reader_win.cc(43)] FindFirstFile: The system cannot find the path specified. (0x3)
[0131/200739.170:ERROR:directory_reader_win.cc(43)] FindFirstFile: The system cannot find the path specified. (0x3)
[0131/201915.195:ERROR:directory_reader_win.cc(43)] FindFirstFile: The system cannot find the path specified. (0x3)
[0131/202617.555:ERROR:directory_reader_win.cc(43)] FindFirstFile: The system cannot find the path specified. (0x3)
[0131/213746.874:ERROR:directory_reader_win.cc(43)] FindFirstFile: The system cannot find the path specified. (0x3)
[0201/200740.306:ERROR:directory_reader_win.cc(43)] FindFirstFile: The system cannot find the path specified. (0x3)
[0201/201916.333:ERROR:directory_reader_win.cc(43)] FindFirstFile: The system cannot find the path specified. (0x3)
[0201/202618.691:ERROR:directory_reader_win.cc(43)] FindFirstFile: The system cannot find the path specified. (0x3)
[0201/213748.002:ERROR:directory_reader_win.cc(43)] FindFirstFile: The system cannot find the path specified. (0x3)
